<?xml version="1.0" encoding="UTF-8"?>
<!-- Generated by org.testng.reporters.JUnitXMLReporter -->
<testsuite ignored="0" hostname="DESKTOP-N27QEQ2" failures="0" tests="1" name="Surefire test" time="0.082" errors="0" timestamp="2025-06-14T10:30:43 COT">
  <testcase classname="com.tests.TestPage" name="@AfterMethod finish" time="0.001">
    <failure type="java.lang.NullPointerException" message="Cannot invoke &amp;quot;org.openqa.selenium.WebDriver.quit()&amp;quot; because &amp;quot;com.utilities.Driver.driver&amp;quot; is null">
      <![CDATA[java.lang.NullPointerException: Cannot invoke "org.openqa.selenium.WebDriver.quit()" because "com.utilities.Driver.driver" is null
at com.utilities.Driver.tearDown(Driver.java:22)
at com.tests.TestPage.finish(TestPage.java:25)
at java.base/java.util.ArrayList.forEach(ArrayList.java:1511)
... Removed 37 stack frames]]>
    </failure>
  </testcase> <!-- @AfterMethod finish -->
  <testcase classname="com.tests.TestPage" name="testE2E" time="0.003"/>
</testsuite> <!-- Surefire test -->
